0 info it worked if it ends with ok
1 verbose cli [ 'C:\\Program Files\\nodejs\\node.exe',
1 verbose cli   'C:\\Program Files\\nodejs\\node_modules\\npm\\bin\\npm-cli.js',
1 verbose cli   'install',
1 verbose cli   'datetimeRangePicker',
1 verbose cli   '--save' ]
2 info using npm@2.15.5
3 info using node@v4.4.5
4 verbose install initial load of E:\DA-IICT\Sem 3\Sen\project Code\FSTV1.0\FoodAndSymptomTracking\package.json
5 warn package.json server@1.0.0 No description
6 warn package.json server@1.0.0 No repository field.
7 verbose installManyTop reading scoped package data from E:\DA-IICT\Sem 3\Sen\project Code\FSTV1.0\FoodAndSymptomTracking\node_modules\abbrev\package.json
8 verbose installManyTop reading scoped package data from E:\DA-IICT\Sem 3\Sen\project Code\FSTV1.0\FoodAndSymptomTracking\node_modules\ansi-regex\package.json
9 verbose installManyTop reading scoped package data from E:\DA-IICT\Sem 3\Sen\project Code\FSTV1.0\FoodAndSymptomTracking\node_modules\ansi-styles\package.json
10 verbose installManyTop reading scoped package data from E:\DA-IICT\Sem 3\Sen\project Code\FSTV1.0\FoodAndSymptomTracking\node_modules\arr-diff\package.json
11 verbose installManyTop reading scoped package data from E:\DA-IICT\Sem 3\Sen\project Code\FSTV1.0\FoodAndSymptomTracking\node_modules\arr-flatten\package.json
12 verbose installManyTop reading scoped package data from E:\DA-IICT\Sem 3\Sen\project Code\FSTV1.0\FoodAndSymptomTracking\node_modules\array-unique\package.json
13 verbose installManyTop reading scoped package data from E:\DA-IICT\Sem 3\Sen\project Code\FSTV1.0\FoodAndSymptomTracking\node_modules\arrify\package.json
14 verbose installManyTop reading scoped package data from E:\DA-IICT\Sem 3\Sen\project Code\FSTV1.0\FoodAndSymptomTracking\node_modules\async-each\package.json
15 verbose installManyTop reading scoped package data from E:\DA-IICT\Sem 3\Sen\project Code\FSTV1.0\FoodAndSymptomTracking\node_modules\balanced-match\package.json
16 verbose installManyTop reading scoped package data from E:\DA-IICT\Sem 3\Sen\project Code\FSTV1.0\FoodAndSymptomTracking\node_modules\binary-extensions\package.json
17 verbose installManyTop reading scoped package data from E:\DA-IICT\Sem 3\Sen\project Code\FSTV1.0\FoodAndSymptomTracking\node_modules\body-parser\package.json
18 verbose installManyTop reading scoped package data from E:\DA-IICT\Sem 3\Sen\project Code\FSTV1.0\FoodAndSymptomTracking\node_modules\brace-expansion\package.json
19 verbose installManyTop reading scoped package data from E:\DA-IICT\Sem 3\Sen\project Code\FSTV1.0\FoodAndSymptomTracking\node_modules\buffer-shims\package.json
20 verbose installManyTop reading scoped package data from E:\DA-IICT\Sem 3\Sen\project Code\FSTV1.0\FoodAndSymptomTracking\node_modules\concat-map\package.json
21 verbose installManyTop reading scoped package data from E:\DA-IICT\Sem 3\Sen\project Code\FSTV1.0\FoodAndSymptomTracking\node_modules\core-util-is\package.json
22 verbose installManyTop reading scoped package data from E:\DA-IICT\Sem 3\Sen\project Code\FSTV1.0\FoodAndSymptomTracking\node_modules\deep-extend\package.json
23 verbose installManyTop reading scoped package data from E:\DA-IICT\Sem 3\Sen\project Code\FSTV1.0\FoodAndSymptomTracking\node_modules\duplexer\package.json
24 verbose installManyTop reading scoped package data from E:\DA-IICT\Sem 3\Sen\project Code\FSTV1.0\FoodAndSymptomTracking\node_modules\escape-string-regexp\package.json
25 verbose installManyTop reading scoped package data from E:\DA-IICT\Sem 3\Sen\project Code\FSTV1.0\FoodAndSymptomTracking\node_modules\expand-brackets\package.json
26 verbose installManyTop reading scoped package data from E:\DA-IICT\Sem 3\Sen\project Code\FSTV1.0\FoodAndSymptomTracking\node_modules\express\package.json
27 verbose installManyTop reading scoped package data from E:\DA-IICT\Sem 3\Sen\project Code\FSTV1.0\FoodAndSymptomTracking\node_modules\extglob\package.json
28 verbose installManyTop reading scoped package data from E:\DA-IICT\Sem 3\Sen\project Code\FSTV1.0\FoodAndSymptomTracking\node_modules\filename-regex\package.json
29 verbose installManyTop reading scoped package data from E:\DA-IICT\Sem 3\Sen\project Code\FSTV1.0\FoodAndSymptomTracking\node_modules\for-in\package.json
30 verbose installManyTop reading scoped package data from E:\DA-IICT\Sem 3\Sen\project Code\FSTV1.0\FoodAndSymptomTracking\node_modules\for-own\package.json
31 verbose installManyTop reading scoped package data from E:\DA-IICT\Sem 3\Sen\project Code\FSTV1.0\FoodAndSymptomTracking\node_modules\from\package.json
32 verbose installManyTop reading scoped package data from E:\DA-IICT\Sem 3\Sen\project Code\FSTV1.0\FoodAndSymptomTracking\node_modules\glob-base\package.json
33 verbose installManyTop reading scoped package data from E:\DA-IICT\Sem 3\Sen\project Code\FSTV1.0\FoodAndSymptomTracking\node_modules\glob-parent\package.json
34 verbose installManyTop reading scoped package data from E:\DA-IICT\Sem 3\Sen\project Code\FSTV1.0\FoodAndSymptomTracking\node_modules\got\package.json
35 verbose installManyTop reading scoped package data from E:\DA-IICT\Sem 3\Sen\project Code\FSTV1.0\FoodAndSymptomTracking\node_modules\graceful-fs\package.json
36 verbose installManyTop reading scoped package data from E:\DA-IICT\Sem 3\Sen\project Code\FSTV1.0\FoodAndSymptomTracking\node_modules\has-ansi\package.json
37 verbose installManyTop reading scoped package data from E:\DA-IICT\Sem 3\Sen\project Code\FSTV1.0\FoodAndSymptomTracking\node_modules\imurmurhash\package.json
38 verbose installManyTop reading scoped package data from E:\DA-IICT\Sem 3\Sen\project Code\FSTV1.0\FoodAndSymptomTracking\node_modules\infinity-agent\package.json
39 verbose installManyTop reading scoped package data from E:\DA-IICT\Sem 3\Sen\project Code\FSTV1.0\FoodAndSymptomTracking\node_modules\inherits\package.json
40 verbose installManyTop reading scoped package data from E:\DA-IICT\Sem 3\Sen\project Code\FSTV1.0\FoodAndSymptomTracking\node_modules\ini\package.json
41 verbose installManyTop reading scoped package data from E:\DA-IICT\Sem 3\Sen\project Code\FSTV1.0\FoodAndSymptomTracking\node_modules\is-binary-path\package.json
42 verbose installManyTop reading scoped package data from E:\DA-IICT\Sem 3\Sen\project Code\FSTV1.0\FoodAndSymptomTracking\node_modules\is-buffer\package.json
43 verbose installManyTop reading scoped package data from E:\DA-IICT\Sem 3\Sen\project Code\FSTV1.0\FoodAndSymptomTracking\node_modules\is-dotfile\package.json
44 verbose installManyTop reading scoped package data from E:\DA-IICT\Sem 3\Sen\project Code\FSTV1.0\FoodAndSymptomTracking\node_modules\is-equal-shallow\package.json
45 verbose installManyTop reading scoped package data from E:\DA-IICT\Sem 3\Sen\project Code\FSTV1.0\FoodAndSymptomTracking\node_modules\is-extendable\package.json
46 verbose installManyTop reading scoped package data from E:\DA-IICT\Sem 3\Sen\project Code\FSTV1.0\FoodAndSymptomTracking\node_modules\is-extglob\package.json
47 verbose installManyTop reading scoped package data from E:\DA-IICT\Sem 3\Sen\project Code\FSTV1.0\FoodAndSymptomTracking\node_modules\is-glob\package.json
48 verbose installManyTop reading scoped package data from E:\DA-IICT\Sem 3\Sen\project Code\FSTV1.0\FoodAndSymptomTracking\node_modules\is-npm\package.json
49 verbose installManyTop reading scoped package data from E:\DA-IICT\Sem 3\Sen\project Code\FSTV1.0\FoodAndSymptomTracking\node_modules\is-number\package.json
50 verbose installManyTop reading scoped package data from E:\DA-IICT\Sem 3\Sen\project Code\FSTV1.0\FoodAndSymptomTracking\node_modules\is-posix-bracket\package.json
51 verbose installManyTop reading scoped package data from E:\DA-IICT\Sem 3\Sen\project Code\FSTV1.0\FoodAndSymptomTracking\node_modules\is-primitive\package.json
52 verbose installManyTop reading scoped package data from E:\DA-IICT\Sem 3\Sen\project Code\FSTV1.0\FoodAndSymptomTracking\node_modules\is-redirect\package.json
53 verbose installManyTop reading scoped package data from E:\DA-IICT\Sem 3\Sen\project Code\FSTV1.0\FoodAndSymptomTracking\node_modules\is-stream\package.json
54 verbose installManyTop reading scoped package data from E:\DA-IICT\Sem 3\Sen\project Code\FSTV1.0\FoodAndSymptomTracking\node_modules\isarray\package.json
55 verbose installManyTop reading scoped package data from E:\DA-IICT\Sem 3\Sen\project Code\FSTV1.0\FoodAndSymptomTracking\node_modules\isobject\package.json
56 verbose installManyTop reading scoped package data from E:\DA-IICT\Sem 3\Sen\project Code\FSTV1.0\FoodAndSymptomTracking\node_modules\kind-of\package.json
57 verbose installManyTop reading scoped package data from E:\DA-IICT\Sem 3\Sen\project Code\FSTV1.0\FoodAndSymptomTracking\node_modules\lodash._baseassign\package.json
58 verbose installManyTop reading scoped package data from E:\DA-IICT\Sem 3\Sen\project Code\FSTV1.0\FoodAndSymptomTracking\node_modules\lodash._basecopy\package.json
59 verbose installManyTop reading scoped package data from E:\DA-IICT\Sem 3\Sen\project Code\FSTV1.0\FoodAndSymptomTracking\node_modules\lodash._bindcallback\package.json
60 verbose installManyTop reading scoped package data from E:\DA-IICT\Sem 3\Sen\project Code\FSTV1.0\FoodAndSymptomTracking\node_modules\lodash._createassigner\package.json
61 verbose installManyTop reading scoped package data from E:\DA-IICT\Sem 3\Sen\project Code\FSTV1.0\FoodAndSymptomTracking\node_modules\lodash._getnative\package.json
62 verbose installManyTop reading scoped package data from E:\DA-IICT\Sem 3\Sen\project Code\FSTV1.0\FoodAndSymptomTracking\node_modules\lodash._isiterateecall\package.json
63 verbose installManyTop reading scoped package data from E:\DA-IICT\Sem 3\Sen\project Code\FSTV1.0\FoodAndSymptomTracking\node_modules\lodash.assign\package.json
64 verbose installManyTop reading scoped package data from E:\DA-IICT\Sem 3\Sen\project Code\FSTV1.0\FoodAndSymptomTracking\node_modules\lodash.isarguments\package.json
65 verbose installManyTop reading scoped package data from E:\DA-IICT\Sem 3\Sen\project Code\FSTV1.0\FoodAndSymptomTracking\node_modules\lodash.isarray\package.json
66 verbose installManyTop reading scoped package data from E:\DA-IICT\Sem 3\Sen\project Code\FSTV1.0\FoodAndSymptomTracking\node_modules\lodash.keys\package.json
67 verbose installManyTop reading scoped package data from E:\DA-IICT\Sem 3\Sen\project Code\FSTV1.0\FoodAndSymptomTracking\node_modules\lodash.restparam\package.json
68 verbose installManyTop reading scoped package data from E:\DA-IICT\Sem 3\Sen\project Code\FSTV1.0\FoodAndSymptomTracking\node_modules\lowercase-keys\package.json
69 verbose installManyTop reading scoped package data from E:\DA-IICT\Sem 3\Sen\project Code\FSTV1.0\FoodAndSymptomTracking\node_modules\map-stream\package.json
70 verbose installManyTop reading scoped package data from E:\DA-IICT\Sem 3\Sen\project Code\FSTV1.0\FoodAndSymptomTracking\node_modules\material-timepicker\package.json
71 verbose installManyTop reading scoped package data from E:\DA-IICT\Sem 3\Sen\project Code\FSTV1.0\FoodAndSymptomTracking\node_modules\minimatch\package.json
72 verbose installManyTop reading scoped package data from E:\DA-IICT\Sem 3\Sen\project Code\FSTV1.0\FoodAndSymptomTracking\node_modules\minimist\package.json
73 verbose installManyTop reading scoped package data from E:\DA-IICT\Sem 3\Sen\project Code\FSTV1.0\FoodAndSymptomTracking\node_modules\mongoose\package.json
74 verbose installManyTop reading scoped package data from E:\DA-IICT\Sem 3\Sen\project Code\FSTV1.0\FoodAndSymptomTracking\node_modules\morgan\package.json
75 verbose installManyTop reading scoped package data from E:\DA-IICT\Sem 3\Sen\project Code\FSTV1.0\FoodAndSymptomTracking\node_modules\node-rest-client\package.json
76 verbose installManyTop reading scoped package data from E:\DA-IICT\Sem 3\Sen\project Code\FSTV1.0\FoodAndSymptomTracking\node_modules\nodemon\package.json
77 info package.json arr-flatten@1.0.1 license should be a valid SPDX license expression
78 info package.json array-unique@0.2.1 license should be a valid SPDX license expression
79 info package.json duplexer@0.1.1 No license field.
80 info package.json filename-regex@2.0.0 license should be a valid SPDX license expression
81 info package.json glob-base@0.3.0 license should be a valid SPDX license expression
82 info package.json is-primitive@2.0.0 license should be a valid SPDX license expression
83 info package.json map-stream@0.1.0 No license field.
84 verbose readDependencies loading dependencies from E:\DA-IICT\Sem 3\Sen\project Code\FSTV1.0\FoodAndSymptomTracking\package.json
85 silly cache add args [ 'datetimeRangePicker', null ]
86 verbose cache add spec datetimeRangePicker
87 silly cache add parsed spec Result {
87 silly cache add   raw: 'datetimeRangePicker',
87 silly cache add   scope: null,
87 silly cache add   name: 'datetimeRangePicker',
87 silly cache add   rawSpec: '',
87 silly cache add   spec: 'latest',
87 silly cache add   type: 'tag' }
88 silly addNamed datetimeRangePicker@latest
89 verbose addNamed "latest" is being treated as a dist-tag for datetimeRangePicker
90 info addNameTag [ 'datetimeRangePicker', 'latest' ]
91 silly mapToRegistry name datetimeRangePicker
92 silly mapToRegistry using default registry
93 silly mapToRegistry registry https://registry.npmjs.org/
94 silly mapToRegistry data Result {
94 silly mapToRegistry   raw: 'datetimeRangePicker',
94 silly mapToRegistry   scope: null,
94 silly mapToRegistry   name: 'datetimeRangePicker',
94 silly mapToRegistry   rawSpec: '',
94 silly mapToRegistry   spec: 'latest',
94 silly mapToRegistry   type: 'tag' }
95 silly mapToRegistry uri https://registry.npmjs.org/datetimeRangePicker
96 verbose addNameTag registry:https://registry.npmjs.org/datetimeRangePicker not in flight; fetching
97 verbose request uri https://registry.npmjs.org/datetimeRangePicker
98 verbose request no auth needed
99 info attempt registry request try #1 at 12:00:15 AM
100 verbose request id 0f536ad660004095
101 http request GET https://registry.npmjs.org/datetimeRangePicker
102 http 404 https://registry.npmjs.org/datetimeRangePicker
103 verbose headers { 'content-type': 'application/json',
103 verbose headers   'cache-control': 'max-age=0',
103 verbose headers   'content-length': '2',
103 verbose headers   'accept-ranges': 'bytes',
103 verbose headers   date: 'Mon, 31 Oct 2016 18:30:10 GMT',
103 verbose headers   via: '1.1 varnish',
103 verbose headers   age: '0',
103 verbose headers   connection: 'keep-alive',
103 verbose headers   'x-served-by': 'cache-sin6923-SIN',
103 verbose headers   'x-cache': 'MISS',
103 verbose headers   'x-cache-hits': '0',
103 verbose headers   'x-timer': 'S1477938609.228717,VS0,VE896',
103 verbose headers   vary: 'Accept-Encoding' }
104 silly get cb [ 404,
104 silly get   { 'content-type': 'application/json',
104 silly get     'cache-control': 'max-age=0',
104 silly get     'content-length': '2',
104 silly get     'accept-ranges': 'bytes',
104 silly get     date: 'Mon, 31 Oct 2016 18:30:10 GMT',
104 silly get     via: '1.1 varnish',
104 silly get     age: '0',
104 silly get     connection: 'keep-alive',
104 silly get     'x-served-by': 'cache-sin6923-SIN',
104 silly get     'x-cache': 'MISS',
104 silly get     'x-cache-hits': '0',
104 silly get     'x-timer': 'S1477938609.228717,VS0,VE896',
104 silly get     vary: 'Accept-Encoding' } ]
105 verbose stack Error: Registry returned 404 for GET on https://registry.npmjs.org/datetimeRangePicker
105 verbose stack     at makeError (C:\Program Files\nodejs\node_modules\npm\node_modules\npm-registry-client\lib\request.js:264:12)
105 verbose stack     at CachingRegistryClient.<anonymous> (C:\Program Files\nodejs\node_modules\npm\node_modules\npm-registry-client\lib\request.js:242:14)
105 verbose stack     at Request._callback (C:\Program Files\nodejs\node_modules\npm\node_modules\npm-registry-client\lib\request.js:172:14)
105 verbose stack     at Request.self.callback (C:\Program Files\nodejs\node_modules\npm\node_modules\request\request.js:200:22)
105 verbose stack     at emitTwo (events.js:87:13)
105 verbose stack     at Request.emit (events.js:172:7)
105 verbose stack     at Request.<anonymous> (C:\Program Files\nodejs\node_modules\npm\node_modules\request\request.js:1067:10)
105 verbose stack     at emitOne (events.js:82:20)
105 verbose stack     at Request.emit (events.js:169:7)
105 verbose stack     at IncomingMessage.<anonymous> (C:\Program Files\nodejs\node_modules\npm\node_modules\request\request.js:988:12)
106 verbose statusCode 404
107 verbose pkgid datetimeRangePicker
108 verbose cwd E:\DA-IICT\Sem 3\Sen\project Code\FSTV1.0\FoodAndSymptomTracking
109 error Windows_NT 10.0.10240
110 error argv "C:\\Program Files\\nodejs\\node.exe" "C:\\Program Files\\nodejs\\node_modules\\npm\\bin\\npm-cli.js" "install" "datetimeRangePicker" "--save"
111 error node v4.4.5
112 error npm  v2.15.5
113 error code E404
114 error 404 Registry returned 404 for GET on https://registry.npmjs.org/datetimeRangePicker
114 error 404
114 error 404 'datetimeRangePicker' is not in the npm registry.
114 error 404 Your package name is not valid, because
114 error 404
114 error 404  1. name can no longer contain capital letters
114 error 404 It was specified as a dependency of 'server'
114 error 404
114 error 404 Note that you can also install from a
114 error 404 tarball, folder, http url, or git url.
115 verbose exit [ 1, true ]
